  Vector3.cpp
  Vector4.cpp
  코드를 생성하고 있습니다...
  Math.vcxproj -> D:\newNetworkEngien_Backup\Math\Bin\Math_Debug.lib
  0개 파일이 복사되었습니다.
  0개 파일이 복사되었습니다.
  0개 파일이 복사되었습니다.
  0개 파일이 복사되었습니다.
  0개 파일이 복사되었습니다.
  0개 파일이 복사되었습니다.
  0개 파일이 복사되었습니다.
  0개 파일이 복사되었습니다.
  0개 파일이 복사되었습니다.
  0개 파일이 복사되었습니다.
  0개 파일이 복사되었습니다.
  .\Math\Bin\Math_Debug.lib
  1개 파일이 복사되었습니다.
  .\Math\Bin\Math_Debug.lib
  1개 파일이 복사되었습니다.
  .\Math\Bin\Math_Debug.lib
  1개 파일이 복사되었습니다.
  .\Math\Bin\Math_Debug.lib
  1개 파일이 복사되었습니다.
  0개 파일이 복사되었습니다.
  0개 파일이 복사되었습니다.
  0개 파일이 복사되었습니다.
  0개 파일이 복사되었습니다.
  0개 파일이 복사되었습니다.
  0개 파일이 복사되었습니다.
  0개 파일이 복사되었습니다.
  0개 파일이 복사되었습니다.
  0개 파일이 복사되었습니다.
  .\DBEngine\Bin\DataBase_Debug.lib
  1개 파일이 복사되었습니다.
