d:\newnetworkengien_backup\gameserver\binobj\vc142.pdb
d:\newnetworkengien_backup\gameserver\binobj\vc142.idb
d:\newnetworkengien_backup\gameserver\binobj\desertlevel.obj
d:\newnetworkengien_backup\gameserver\binobj\bosslevel.obj
d:\newnetworkengien_backup\gameserver\binobj\inventory.obj
d:\newnetworkengien_backup\gameserver\binobj\troll.obj
d:\newnetworkengien_backup\gameserver\binobj\sevarog.obj
d:\newnetworkengien_backup\gameserver\binobj\npc.obj
d:\newnetworkengien_backup\gameserver\binobj\monsterspawnpoint.obj
d:\newnetworkengien_backup\gameserver\binobj\monstermanager.obj
d:\newnetworkengien_backup\gameserver\binobj\monster.obj
d:\newnetworkengien_backup\gameserver\binobj\minion.obj
d:\newnetworkengien_backup\gameserver\binobj\golem.obj
d:\newnetworkengien_backup\gameserver\binobj\finalboss.obj
d:\newnetworkengien_backup\gameserver\binobj\boss.obj
d:\newnetworkengien_backup\gameserver\binobj\gameobject.obj
d:\newnetworkengien_backup\gameserver\binobj\gamemanager.obj
d:\newnetworkengien_backup\gameserver\binobj\gameiocp.obj
d:\newnetworkengien_backup\gameserver\binobj\aisevarog.obj
d:\newnetworkengien_backup\gameserver\binobj\aidefault.obj
d:\newnetworkengien_backup\gameserver\binobj\aiagent.obj
d:\newnetworkengien_backup\gameserver\binobj\aithread.obj
d:\newnetworkengien_backup\gameserver\binobj\usermanager.obj
d:\newnetworkengien_backup\gameserver\binobj\user.obj
d:\newnetworkengien_backup\gameserver\binobj\timer.obj
d:\newnetworkengien_backup\gameserver\binobj\skilltree.obj
d:\newnetworkengien_backup\gameserver\binobj\skillmanager.obj
d:\newnetworkengien_backup\gameserver\binobj\skill.obj
d:\newnetworkengien_backup\gameserver\binobj\quest.obj
d:\newnetworkengien_backup\gameserver\binobj\monitorthread.obj
d:\newnetworkengien_backup\gameserver\binobj\main.obj
d:\newnetworkengien_backup\gameserver\binobj\levelmanager.obj
d:\newnetworkengien_backup\gameserver\binobj\level.obj
d:\newnetworkengien_backup\gameserver\binobj\mainlevel.obj
d:\newnetworkengien_backup\gameserver\binobj\gamearea.obj
d:\newnetworkengien_backup\gameserver\bin\gameserver_debug.exe
d:\newnetworkengien_backup\gameserver\binobj\gameserver_debug.ilk
d:\newnetworkengien_backup\gameserver\bin\gameserver_debug.pdb
d:\newnetworkengien_backup\gameserver\binobj\../bin/gameserver_debug.pdb
d:\newnetworkengien_backup\gameserver\binobj\gameserver.tlog\cl.command.1.tlog
d:\newnetworkengien_backup\gameserver\binobj\gameserver.tlog\cl.read.1.tlog
d:\newnetworkengien_backup\gameserver\binobj\gameserver.tlog\cl.write.1.tlog
d:\newnetworkengien_backup\gameserver\binobj\gameserver.tlog\link.command.1.tlog
d:\newnetworkengien_backup\gameserver\binobj\gameserver.tlog\link.read.1.tlog
d:\newnetworkengien_backup\gameserver\binobj\gameserver.tlog\link.write.1.tlog
