d:\newnetworkengien_backup\networkengine\bin\networkengine_debug.pdb
d:\newnetworkengien_backup\networkengine\bin\networkengine_debug.idb
d:\newnetworkengien_backup\networkengine\binobj_debug\threadmanager.obj
d:\newnetworkengien_backup\networkengine\binobj_debug\thread.obj
d:\newnetworkengien_backup\networkengine\binobj_debug\stream.obj
d:\newnetworkengien_backup\networkengine\binobj_debug\service.obj
d:\newnetworkengien_backup\networkengine\binobj_debug\registry.obj
d:\newnetworkengien_backup\networkengine\binobj_debug\pathmanager.obj
d:\newnetworkengien_backup\networkengine\binobj_debug\packetqueue.obj
d:\newnetworkengien_backup\networkengine\binobj_debug\packetsession.obj
d:\newnetworkengien_backup\networkengine\binobj_debug\netsession.obj
d:\newnetworkengien_backup\networkengine\binobj_debug\iocp.obj
d:\newnetworkengien_backup\networkengine\binobj_debug\eventselect.obj
d:\newnetworkengien_backup\networkengine\binobj_debug\clienteventselect.obj
d:\newnetworkengien_backup\networkengine\binobj_debug\networkengine.obj
d:\newnetworkengien_backup\networkengine\binobj_debug\minidump.obj
d:\newnetworkengien_backup\networkengine\binobj_debug\inifile.obj
d:\newnetworkengien_backup\networkengine\binobj_debug\crypt.obj
d:\newnetworkengien_backup\networkengine\bin\networkengine_debug.lib
d:\newnetworkengien_backup\networkengine\binobj_debug\../bin/networkengine_debug.pdb
d:\newnetworkengien_backup\networkengine\binobj_debug\networkengine.tlog\cl.command.1.tlog
d:\newnetworkengien_backup\networkengine\binobj_debug\networkengine.tlog\cl.read.1.tlog
d:\newnetworkengien_backup\networkengine\binobj_debug\networkengine.tlog\cl.write.1.tlog
d:\newnetworkengien_backup\networkengine\binobj_debug\networkengine.tlog\lib-link.read.1.tlog
d:\newnetworkengien_backup\networkengine\binobj_debug\networkengine.tlog\lib-link.write.1.tlog
d:\newnetworkengien_backup\networkengine\binobj_debug\networkengine.tlog\lib.command.1.tlog
