c:\users\tmvld\desktop\lecture\network\newnetworkengien_backup\monsteraiserver\binobj\vc142.pdb
c:\users\tmvld\desktop\lecture\network\newnetworkengien_backup\monsteraiserver\binobj\vc142.idb
c:\users\tmvld\desktop\lecture\network\newnetworkengien_backup\monsteraiserver\binobj\navigationthread.obj
c:\users\tmvld\desktop\lecture\network\newnetworkengien_backup\monsteraiserver\binobj\navigationmanager.obj
c:\users\tmvld\desktop\lecture\network\newnetworkengien_backup\monsteraiserver\binobj\navigation.obj
c:\users\tmvld\desktop\lecture\network\newnetworkengien_backup\monsteraiserver\binobj\navcell.obj
c:\users\tmvld\desktop\lecture\network\newnetworkengien_backup\monsteraiserver\binobj\main.obj
c:\users\tmvld\desktop\lecture\network\newnetworkengien_backup\monsteraiserver\binobj\mainlevel.obj
c:\users\tmvld\desktop\lecture\network\newnetworkengien_backup\monsteraiserver\binobj\levelmanager.obj
c:\users\tmvld\desktop\lecture\network\newnetworkengien_backup\monsteraiserver\binobj\level.obj
c:\users\tmvld\desktop\lecture\network\newnetworkengien_backup\monsteraiserver\binobj\bosslevel.obj
c:\users\tmvld\desktop\lecture\network\newnetworkengien_backup\monsteraiserver\binobj\aisessionmanager.obj
c:\users\tmvld\desktop\lecture\network\newnetworkengien_backup\monsteraiserver\binobj\aisession.obj
c:\users\tmvld\desktop\lecture\network\newnetworkengien_backup\monsteraiserver\binobj\aiservermanager.obj
c:\users\tmvld\desktop\lecture\network\newnetworkengien_backup\monsteraiserver\binobj\aiiocp.obj
c:\users\tmvld\desktop\lecture\network\newnetworkengien_backup\monsteraiserver\binobj\monsteraiserver_debug.ilk
c:\users\tmvld\desktop\lecture\network\newnetworkengien_backup\monsteraiserver\bin\monsteraiserver_debug.exe
c:\users\tmvld\desktop\lecture\network\newnetworkengien_backup\monsteraiserver\bin\monsteraiserver_debug.pdb
c:\users\tmvld\desktop\lecture\network\newnetworkengien_backup\monsteraiserver\binobj\../bin/monsteraiserver_debug.pdb
c:\users\tmvld\desktop\lecture\network\newnetworkengien_backup\monsteraiserver\binobj\monsteraiserver.tlog\cl.command.1.tlog
c:\users\tmvld\desktop\lecture\network\newnetworkengien_backup\monsteraiserver\binobj\monsteraiserver.tlog\cl.read.1.tlog
c:\users\tmvld\desktop\lecture\network\newnetworkengien_backup\monsteraiserver\binobj\monsteraiserver.tlog\cl.write.1.tlog
c:\users\tmvld\desktop\lecture\network\newnetworkengien_backup\monsteraiserver\binobj\monsteraiserver.tlog\link.command.1.tlog
c:\users\tmvld\desktop\lecture\network\newnetworkengien_backup\monsteraiserver\binobj\monsteraiserver.tlog\link.read.1.tlog
c:\users\tmvld\desktop\lecture\network\newnetworkengien_backup\monsteraiserver\binobj\monsteraiserver.tlog\link.write.1.tlog
